app/build/intermediates/manifest_merge_blame_file/debug/manifest-merger-blame-debug-report.txt
1<?xml version="1.0" encoding="utf-8"?>
2<manifest xmlns:android="http://schemas.android.com/apk/res/android"
3    package="org.d3ifcool.submission"
4    android:versionCode="1"
5    android:versionName="1.0" >
6
7    <uses-sdk
8        android:minSdkVersion="21"
8-->src/main/AndroidManifest.xml
9        android:targetSdkVersion="29" />
9-->src/main/AndroidManifest.xml
10
11    <uses-permission android:name="android.permission.INTERNET" />
11-->src/main/AndroidManifest.xml:5:5-67
11-->src/main/AndroidManifest.xml:5:22-64
12
13    <permission
13-->src/main/AndroidManifest.xml:7:5-9:44
14        android:name="org.d3ifcool.submission.READ_DATABASE"
14-->src/main/AndroidManifest.xml:8:9-61
15        android:protectionLevel="normal" />
15-->src/main/AndroidManifest.xml:9:9-41
16    <permission
16-->src/main/AndroidManifest.xml:10:5-12:44
17        android:name="org.d3ifcool.submission.WRITE_DATABASE"
17-->src/main/AndroidManifest.xml:11:9-62
18        android:protectionLevel="normal" />
18-->src/main/AndroidManifest.xml:12:9-41
19
20    <application
20-->src/main/AndroidManifest.xml:14:5-50:19
21        android:allowBackup="true"
21-->src/main/AndroidManifest.xml:15:9-35
22        android:appComponentFactory="androidx.core.app.CoreComponentFactory"
22-->[androidx.core:core:1.1.0] AndroidManifest.xml:24:18-86
23        android:debuggable="true"
24        android:icon="@mipmap/ic_launcher"
24-->src/main/AndroidManifest.xml:16:9-43
25        android:label="@string/app_name"
25-->src/main/AndroidManifest.xml:17:9-41
26        android:roundIcon="@mipmap/ic_launcher_round"
26-->src/main/AndroidManifest.xml:18:9-54
27        android:supportsRtl="true"
27-->src/main/AndroidManifest.xml:19:9-35
28        android:testOnly="true"
29        android:theme="@style/AppTheme"
29-->src/main/AndroidManifest.xml:20:9-40
30        android:usesCleartextTraffic="true" >
30-->src/main/AndroidManifest.xml:21:9-44
31        <provider
31-->src/main/AndroidManifest.xml:22:9-28:89
32            android:name="org.d3ifcool.submission.presenter.provider.ShowProvider"
32-->src/main/AndroidManifest.xml:23:13-60
33            android:authorities="org.d3ifcool.submission"
33-->src/main/AndroidManifest.xml:24:13-58
34            android:enabled="true"
34-->src/main/AndroidManifest.xml:25:13-35
35            android:exported="true"
35-->src/main/AndroidManifest.xml:26:13-36
36            android:readPermission="org.d3ifcool.submission.READ_DATABASE"
36-->src/main/AndroidManifest.xml:27:13-75
37            android:writePermission="org.d3ifcool.submission.WRITE_DATABASE" />
37-->src/main/AndroidManifest.xml:28:13-77
38        <provider
38-->src/main/AndroidManifest.xml:29:9-35:89
39            android:name="org.d3ifcool.submission.presenter.provider.MovieProvider"
39-->src/main/AndroidManifest.xml:30:13-61
40            android:authorities="org.d3ifcool.submission"
40-->src/main/AndroidManifest.xml:31:13-58
41            android:enabled="true"
41-->src/main/AndroidManifest.xml:32:13-35
42            android:exported="true"
42-->src/main/AndroidManifest.xml:33:13-36
43            android:readPermission="org.d3ifcool.submission.READ_DATABASE"
43-->src/main/AndroidManifest.xml:34:13-75
44            android:writePermission="org.d3ifcool.submission.WRITE_DATABASE" />
44-->src/main/AndroidManifest.xml:35:13-77
45
46        <activity
46-->src/main/AndroidManifest.xml:37:9-39:59
47            android:name="org.d3ifcool.submission.view.DetailActivity"
47-->src/main/AndroidManifest.xml:38:13-48
48            android:theme="@style/AppTheme.NoActionBar" />
48-->src/main/AndroidManifest.xml:39:13-56
49        <activity
49-->src/main/AndroidManifest.xml:40:9-49:20
50            android:name="org.d3ifcool.submission.view.MainActivity"
50-->src/main/AndroidManifest.xml:41:13-46
51            android:label="@string/app_name"
51-->src/main/AndroidManifest.xml:42:13-45
52            android:theme="@style/AppTheme" >
52-->src/main/AndroidManifest.xml:43:13-44
53            <intent-filter>
53-->src/main/AndroidManifest.xml:44:13-48:29
54                <action android:name="android.intent.action.MAIN" />
54-->src/main/AndroidManifest.xml:45:17-69
54-->src/main/AndroidManifest.xml:45:25-66
55
56                <category android:name="android.intent.category.LAUNCHER" />
56-->src/main/AndroidManifest.xml:47:17-77
56-->src/main/AndroidManifest.xml:47:27-74
57            </intent-filter>
58        </activity>
59
60        <provider
60-->[com.squareup.picasso:picasso:2.71828] AndroidManifest.xml:8:9-11:40
61            android:name="com.squareup.picasso.PicassoProvider"
61-->[com.squareup.picasso:picasso:2.71828] AndroidManifest.xml:9:13-64
62            android:authorities="org.d3ifcool.submission.com.squareup.picasso"
62-->[com.squareup.picasso:picasso:2.71828] AndroidManifest.xml:10:13-72
63            android:exported="false" />
63-->[com.squareup.picasso:picasso:2.71828] AndroidManifest.xml:11:13-37
64        <provider
64-->[androidx.lifecycle:lifecycle-process:2.2.0-rc03] AndroidManifest.xml:25:9-29:43
65            android:name="androidx.lifecycle.ProcessLifecycleOwnerInitializer"
65-->[androidx.lifecycle:lifecycle-process:2.2.0-rc03] AndroidManifest.xml:26:13-79
66            android:authorities="org.d3ifcool.submission.lifecycle-process"
66-->[androidx.lifecycle:lifecycle-process:2.2.0-rc03] AndroidManifest.xml:27:13-69
67            android:exported="false"
67-->[androidx.lifecycle:lifecycle-process:2.2.0-rc03] AndroidManifest.xml:28:13-37
68            android:multiprocess="true" />
68-->[androidx.lifecycle:lifecycle-process:2.2.0-rc03] AndroidManifest.xml:29:13-40
69    </application>
70
71</manifest>